{"logTime": "1001/161048", "correlationVector":"rFPwzPFiYB0Osr/7zKzAM8.1","action":"SyncServerConnectionManagerRequest", "result":"SYNC_SERVER_OK", "context":{"environment":"Prod_SoutheastAsia_000j", "migrationStage":"NotStarted", "server":"GENERAL0300000X"}}
{"logTime": "1001/161050", "correlationVector":"n/skO/pCf+w0EvFtVAZu39","action":"SyncServerConnectionManagerRequest", "result":"SYNC_SERVER_OK", "context":{"environment":"", "migrationStage":"", "server":""}}
{"logTime": "1001/161050", "correlationVector":"rFPwzPFiYB0Osr/7zKzAM8","action":"Initial GetUpdates", "result":"", "context":Reason: NEW_CLIENT. cV=rFPwzPFiYB0Osr/7zKzAM8}
{"logTime": "1001/161050", "correlationVector":"rFPwzPFiYB0Osr/7zKzAM8.2","action":"GetUpdates Response", "result":"Success", "context":Received 1 update(s). cV=rFPwzPFiYB0Osr/7zKzAM8.0;server=GENERAL0300000X;cloudType=Consumer;environment=Prod_SoutheastAsia_000j;migrationStage=NotStarted}
{"logTime": "1001/161050", "correlationVector":"S2erSYxj7Um83teipgjgOJ","action":"Initial GetUpdates", "result":"", "context":Reason: NEWLY_SUPPORTED_DATATYPE. cV=S2erSYxj7Um83teipgjgOJ}
{"logTime": "1001/161051", "correlationVector":"S2erSYxj7Um83teipgjgOJ.1","action":"SyncServerConnectionManagerRequest", "result":"SYNC_SERVER_OK", "context":{"environment":"Prod_SoutheastAsia_000j", "migrationStage":"NotStarted", "server":"GENERAL03000003"}}
{"logTime": "1001/161051", "correlationVector":"S2erSYxj7Um83teipgjgOJ.2","action":"GetUpdates Response", "result":"Success", "context":Received 56 update(s). cV=S2erSYxj7Um83teipgjgOJ.0;server=GENERAL03000003;cloudType=Consumer;environment=Prod_SoutheastAsia_000j;migrationStage=NotStarted}
{"logTime": "1001/161051", "correlationVector":"PDOXgpzKzXOp2h2apk/Cl8","action":"Initial GetUpdates", "result":"", "context":Reason: NEWLY_SUPPORTED_DATATYPE. cV=PDOXgpzKzXOp2h2apk/Cl8}
{"logTime": "1001/161052", "correlationVector":"PDOXgpzKzXOp2h2apk/Cl8.1","action":"SyncServerConnectionManagerRequest", "result":"SYNC_SERVER_OK", "context":{"environment":"Prod_SoutheastAsia_000j", "migrationStage":"NotStarted", "server":"GENERAL0300002V"}}
{"logTime": "1001/161052", "correlationVector":"PDOXgpzKzXOp2h2apk/Cl8.2","action":"GetUpdates Response", "result":"Success", "context":Received 5 update(s). cV=PDOXgpzKzXOp2h2apk/Cl8.0;server=GENERAL0300002V;cloudType=Consumer;environment=Prod_SoutheastAsia_000j;migrationStage=NotStarted}
{"logTime": "1001/161052", "correlationVector":"b0M0DyodUzwru0T0RVLrV+","action":"Initial GetUpdates", "result":"", "context":Reason: NEWLY_SUPPORTED_DATATYPE. cV=b0M0DyodUzwru0T0RVLrV+}
{"logTime": "1001/161053", "correlationVector":"b0M0DyodUzwru0T0RVLrV+.1","action":"SyncServerConnectionManagerRequest", "result":"SYNC_SERVER_OK", "context":{"environment":"Prod_SoutheastAsia_000j", "migrationStage":"NotStarted", "server":"GENERAL03000006"}}
{"logTime": "1001/161053", "correlationVector":"b0M0DyodUzwru0T0RVLrV+.2","action":"GetUpdates", "result":"DeleteReceived", "context":{"id":"baebb64d-5898-47ba-829f-90024ae5be8c", "isDeleted:":"true", "version":"1721104221741"}}
{"logTime": "1001/161053", "correlationVector":"b0M0DyodUzwru0T0RVLrV+.3","action":"GetUpdates", "result":"DeleteReceived", "context":{"id":"38d6e127-86d4-485f-896a-3c4a6ed0e8f5", "isDeleted:":"true", "version":"1721104479039"}}
{"logTime": "1001/161053", "correlationVector":"b0M0DyodUzwru0T0RVLrV+.4","action":"GetUpdates", "result":"DeleteReceived", "context":{"id":"3de06d6a-eb96-45fe-b403-f0e242ba9ecb", "isDeleted:":"true", "version":"1721979003992"}}
{"logTime": "1001/161053", "correlationVector":"b0M0DyodUzwru0T0RVLrV+.5","action":"GetUpdates", "result":"DeleteReceived", "context":{"id":"5d48e678-d2d5-41f3-99ee-0eed33beaa8c", "isDeleted:":"true", "version":"1721983881357"}}
{"logTime": "1001/161053", "correlationVector":"b0M0DyodUzwru0T0RVLrV+.6","action":"GetUpdates", "result":"DeleteReceived", "context":{"id":"17c35db7-6b1b-4938-8ac9-4a8d610f509f", "isDeleted:":"true", "version":"1721984280079"}}
{"logTime": "1001/161053", "correlationVector":"b0M0DyodUzwru0T0RVLrV+.7","action":"GetUpdates", "result":"DeleteReceived", "context":{"id":"0b19660b-16db-4aa7-8eb7-25e7a3df4f27", "isDeleted:":"true", "version":"1723257686832"}}
{"logTime": "1001/161053", "correlationVector":"b0M0DyodUzwru0T0RVLrV+.8","action":"GetUpdates", "result":"DeleteReceived", "context":{"id":"3a8c3a6b-9b07-45d3-ba82-90e07267cc26", "isDeleted:":"true", "version":"1723762470284"}}
{"logTime": "1001/161053", "correlationVector":"b0M0DyodUzwru0T0RVLrV+.9","action":"GetUpdates", "result":"DeleteReceived", "context":{"id":"7d2ea1a0-31ba-4d08-bf37-d1f89d8a4629", "isDeleted:":"true", "version":"1723791367709"}}
{"logTime": "1001/161053", "correlationVector":"b0M0DyodUzwru0T0RVLrV+.10","action":"GetUpdates", "result":"DeleteReceived", "context":{"id":"2f2ced84-1506-4b70-ac9c-663b0eea8071", "isDeleted:":"true", "version":"1723791367710"}}
{"logTime": "1001/161053", "correlationVector":"b0M0DyodUzwru0T0RVLrV+.11","action":"GetUpdates", "result":"DeleteReceived", "context":{"id":"32a89c92-aa99-4b33-99a6-1d931cbcb9b1", "isDeleted:":"true", "version":"1724346296344"}}
{"logTime": "1001/161053", "correlationVector":"b0M0DyodUzwru0T0RVLrV+.12","action":"GetUpdates", "result":"DeleteReceived", "context":{"id":"e70ade82-bea9-4151-999f-42a77e7d4256", "isDeleted:":"true", "version":"1724346620449"}}
{"logTime": "1001/161053", "correlationVector":"b0M0DyodUzwru0T0RVLrV+.13","action":"GetUpdates", "result":"DeleteReceived", "context":{"id":"4323131b-df89-4301-97e0-f9767c7eb182", "isDeleted:":"true", "version":"1724347181364"}}
{"logTime": "1001/161053", "correlationVector":"b0M0DyodUzwru0T0RVLrV+.14","action":"GetUpdates", "result":"DeleteReceived", "context":{"id":"5f8664f0-95bc-48cc-8409-00d136f05e87", "isDeleted:":"true", "version":"1725564597608"}}
{"logTime": "1001/161053", "correlationVector":"b0M0DyodUzwru0T0RVLrV+.15","action":"GetUpdates", "result":"DeleteReceived", "context":{"id":"056c7700-9a6a-46fb-b4b1-52ae8141fcbf", "isDeleted:":"true", "version":"1725564597609"}}
{"logTime": "1001/161053", "correlationVector":"b0M0DyodUzwru0T0RVLrV+.16","action":"GetUpdates", "result":"DeleteReceived", "context":{"id":"060612e1-c3f0-4a1c-ac41-2706a087a976", "isDeleted:":"true", "version":"1725564597610"}}
{"logTime": "1001/161053", "correlationVector":"b0M0DyodUzwru0T0RVLrV+.17","action":"GetUpdates Response", "result":"Success", "context":Received 35 update(s). cV=b0M0DyodUzwru0T0RVLrV+.0;server=GENERAL03000006;cloudType=Consumer;environment=Prod_SoutheastAsia_000j;migrationStage=NotStarted}
{"logTime": "1001/161053", "correlationVector":"SZR+ej1BmZNgd3HWXep/PG","action":"Normal GetUpdate request", "result":"", "context":cV=SZR+ej1BmZNgd3HWXep/PG
Nudged types: Sessions, Device Info, User Consents
Refresh requested types: Bookmarks, Preferences, Passwords, Autofill Profiles, Autofill, Typed URLs, Extensions, Sessions, Extension settings, History Delete Directives, Device Info, User Consents, Send Tab To Self, Web Apps, Collection, Edge E Drop, Edge Hub App Usage, Edge Tab Group, Edge Wallet, Encryption Keys}
{"logTime": "1001/161054", "correlationVector":"SZR+ej1BmZNgd3HWXep/PG.1","action":"SyncServerConnectionManagerRequest", "result":"SYNC_SERVER_OK", "context":{"environment":"Prod_SoutheastAsia_000j", "migrationStage":"NotStarted", "server":"GENERAL0300000J"}}
{"logTime": "1001/161054", "correlationVector":"SZR+ej1BmZNgd3HWXep/PG.2","action":"GetUpdates Response", "result":"Success", "context":Received 0 update(s). cV=SZR+ej1BmZNgd3HWXep/PG.0;server=GENERAL0300000J;cloudType=Consumer;environment=Prod_SoutheastAsia_000j;migrationStage=NotStarted}
{"logTime": "1001/161054", "correlationVector":"P3fcJ0ShQAQxAjAnR3T7Zm","action":"DoCompareDataConsistency requsted types: ", "result":"Bookmarks, Preferences, Passwords, Typed URLs, Extensions, Extension settings, History Delete Directives, Send Tab To Self, Web Apps, Collection, Edge E Drop, Edge Tab Group, Edge Wallet, Encryption Keys"}
{"logTime": "1001/161054", "correlationVector":"P3fcJ0ShQAQxAjAnR3T7Zm.0","action":"CompareDataConsistency result: ", "result":"Compare result: Encryption Keys is consistent. local entities count is: 1 local entities hash is: /oqeW9rgE9pwy8cyCdo7GUeLXKs="}
{"logTime": "1001/161054", "correlationVector":"P3fcJ0ShQAQxAjAnR3T7Zm.1","action":"CompareDataConsistency result: ", "result":"Compare result: Bookmarks is consistent. local entities count is: 3 local entities hash is: zL/2xpK/PeTwSuCb8uSlyK1MTgM="}
{"logTime": "1001/161054", "correlationVector":"P3fcJ0ShQAQxAjAnR3T7Zm.2","action":"CompareDataConsistency result: ", "result":"Compare result: Preferences is consistent. local entities count is: 53 local entities hash is: Qd5SwmhAyAkvYaCwqKX9QUPN4JI="}
{"logTime": "1001/161054", "correlationVector":"P3fcJ0ShQAQxAjAnR3T7Zm.3","action":"CompareDataConsistency result: ", "result":"Server did not send this Typed URLs local entities count is: 0 local entities hash is: "}
{"logTime": "1001/161054", "correlationVector":"P3fcJ0ShQAQxAjAnR3T7Zm.4","action":"CompareDataConsistency result: ", "result":"Compare result: Extensions is consistent. local entities count is: 0 local entities hash is: "}
{"logTime": "1001/161054", "correlationVector":"P3fcJ0ShQAQxAjAnR3T7Zm.5","action":"CompareDataConsistency result: ", "result":"Compare result: Extension settings is consistent. local entities count is: 0 local entities hash is: "}
{"logTime": "1001/161054", "correlationVector":"P3fcJ0ShQAQxAjAnR3T7Zm.6","action":"CompareDataConsistency result: ", "result":"Compare result: History Delete Directives is consistent. local entities count is: 0 local entities hash is: "}
{"logTime": "1001/161054", "correlationVector":"P3fcJ0ShQAQxAjAnR3T7Zm.7","action":"CompareDataConsistency result: ", "result":"Server did not send this Send Tab To Self local entities count is: 0 local entities hash is: "}
{"logTime": "1001/161054", "correlationVector":"P3fcJ0ShQAQxAjAnR3T7Zm.8","action":"CompareDataConsistency result: ", "result":"Compare result: Web Apps is consistent. local entities count is: 1 local entities hash is: +f3ItQ6yQgxLBHFiLqJ9txTIDog="}
{"logTime": "1001/161054", "correlationVector":"P3fcJ0ShQAQxAjAnR3T7Zm.9","action":"CompareDataConsistency result: ", "result":"Compare result: Collection is consistent. local entities count is: 0 local entities hash is: "}
{"logTime": "1001/161054", "correlationVector":"P3fcJ0ShQAQxAjAnR3T7Zm.10","action":"CompareDataConsistency result: ", "result":"Compare result: Edge E Drop is consistent. local entities count is: 0 local entities hash is: "}
{"logTime": "1001/161054", "correlationVector":"P3fcJ0ShQAQxAjAnR3T7Zm.11","action":"CompareDataConsistency result: ", "result":"Compare result: Edge Tab Group is consistent. local entities count is: 0 local entities hash is: "}
{"logTime": "1001/161054", "correlationVector":"P3fcJ0ShQAQxAjAnR3T7Zm.12","action":"CompareDataConsistency result: ", "result":"Compare result: Edge Wallet is consistent. local entities count is: 0 local entities hash is: "}
{"logTime": "1001/161054", "correlationVector":"P3fcJ0ShQAQxAjAnR3T7Zm.13","action":"CompareDataConsistency result: ", "result":"Compare result: Passwords is consistent. local entities count is: 1 local entities hash is: HnYvzWZiFXunYh3YAf7v4CfP034="}
{"logTime": "1001/161054", "correlationVector":"u8ovoieEXyPzQrNMepZkM6","action":"Commit Request", "result":"", "context":Item count: 5
Contributing types: Sessions, Device Info, User Consents}
{"logTime": "1001/161056", "correlationVector":"u8ovoieEXyPzQrNMepZkM6.1","action":"SyncServerConnectionManagerRequest", "result":"SYNC_SERVER_OK", "context":{"environment":"Prod_SoutheastAsia_000j", "migrationStage":"NotStarted", "server":"GENERAL0100000L"}}
{"logTime": "1001/161056", "correlationVector":"u8ovoieEXyPzQrNMepZkM6.2","action":"Commit Response", "result":"Success", "context":Result: Success. cV=u8ovoieEXyPzQrNMepZkM6.0;server=GENERAL0100000L;cloudType=Consumer;environment=Prod_SoutheastAsia_000j;migrationStage=NotStarted}
{"logTime": "1001/161056", "correlationVector":"1TmdO44FNyZq+4egCM+4vm","action":"Normal GetUpdate request", "result":"", "context":cV=1TmdO44FNyZq+4egCM+4vm
Nudged types: Sessions, Device Info}
{"logTime": "1001/161057", "correlationVector":"1TmdO44FNyZq+4egCM+4vm.1","action":"SyncServerConnectionManagerRequest", "result":"SYNC_SERVER_OK", "context":{"environment":"Prod_SoutheastAsia_000j", "migrationStage":"NotStarted", "server":"GENERAL0100000E"}}
{"logTime": "1001/161057", "correlationVector":"1TmdO44FNyZq+4egCM+4vm.2","action":"GetUpdates Response", "result":"Success", "context":Received 3 update(s). cV=1TmdO44FNyZq+4egCM+4vm.0;server=GENERAL0100000E;cloudType=Consumer;environment=Prod_SoutheastAsia_000j;migrationStage=NotStarted}
{"logTime": "1001/161057", "correlationVector":"yiEbHvDXM9FtRHncsaCn1d","action":"Commit Request", "result":"", "context":Item count: 1
Contributing types: Sessions}
{"logTime": "1001/161057", "correlationVector":"yiEbHvDXM9FtRHncsaCn1d.1","action":"SyncServerConnectionManagerRequest", "result":"SYNC_SERVER_OK", "context":{"environment":"Prod_SoutheastAsia_000j", "migrationStage":"NotStarted", "server":"GENERAL0100000B"}}
{"logTime": "1001/161057", "correlationVector":"yiEbHvDXM9FtRHncsaCn1d.2","action":"Commit Response", "result":"Success", "context":Result: Success. cV=yiEbHvDXM9FtRHncsaCn1d.0;server=GENERAL0100000B;cloudType=Consumer;environment=Prod_SoutheastAsia_000j;migrationStage=NotStarted}
{"logTime": "1001/161057", "correlationVector":"","action":"DIAGNOSTIC_REQUEST|v1/diagnosticData/Diagnostic.SendCheckResult()|SUCCESS", "result":""}
{"logTime": "1001/161101", "correlationVector":"/qXFz09TcDRHIBof03v1d/","action":"Normal GetUpdate request", "result":"", "context":cV=/qXFz09TcDRHIBof03v1d/
Nudged types: Preferences, Sessions}
{"logTime": "1001/161102", "correlationVector":"/qXFz09TcDRHIBof03v1d/.1","action":"SyncServerConnectionManagerRequest", "result":"SYNC_SERVER_OK", "context":{"environment":"Prod_SoutheastAsia_000j", "migrationStage":"NotStarted", "server":"GENERAL0100000B"}}
{"logTime": "1001/161102", "correlationVector":"/qXFz09TcDRHIBof03v1d/.2","action":"GetUpdates Response", "result":"Success", "context":Received 1 update(s). cV=/qXFz09TcDRHIBof03v1d/.0;server=GENERAL0100000B;cloudType=Consumer;environment=Prod_SoutheastAsia_000j;migrationStage=NotStarted}
{"logTime": "1001/161102", "correlationVector":"Jbe9DIr5Q37v+eZFyaIcMY","action":"Commit Request", "result":"", "context":Item count: 2
Contributing types: Preferences, Sessions}
{"logTime": "1001/161103", "correlationVector":"Jbe9DIr5Q37v+eZFyaIcMY.1","action":"SyncServerConnectionManagerRequest", "result":"SYNC_SERVER_OK", "context":{"environment":"Prod_SoutheastAsia_000j", "migrationStage":"NotStarted", "server":"GENERAL03000015"}}
{"logTime": "1001/161103", "correlationVector":"Jbe9DIr5Q37v+eZFyaIcMY.2","action":"Commit Response", "result":"Success", "context":Result: Success. cV=Jbe9DIr5Q37v+eZFyaIcMY.0;server=GENERAL03000015;cloudType=Consumer;environment=Prod_SoutheastAsia_000j;migrationStage=NotStarted}
{"logTime": "1001/161105", "correlationVector":"aiqnrLZ+Bkj5pi3DURVMdC","action":"Normal GetUpdate request", "result":"", "context":cV=aiqnrLZ+Bkj5pi3DURVMdC
Nudged types: Preferences, Sessions}
{"logTime": "1001/161106", "correlationVector":"aiqnrLZ+Bkj5pi3DURVMdC.1","action":"SyncServerConnectionManagerRequest", "result":"SYNC_SERVER_OK", "context":{"environment":"Prod_SoutheastAsia_000j", "migrationStage":"NotStarted", "server":"GENERAL0300002X"}}
{"logTime": "1001/161106", "correlationVector":"aiqnrLZ+Bkj5pi3DURVMdC.2","action":"GetUpdates Response", "result":"Success", "context":Received 2 update(s). cV=aiqnrLZ+Bkj5pi3DURVMdC.0;server=GENERAL0300002X;cloudType=Consumer;environment=Prod_SoutheastAsia_000j;migrationStage=NotStarted}
{"logTime": "1001/161113", "correlationVector":"Fa/AHmCv+q/+pc+Nsu8Iub","action":"Commit Request", "result":"", "context":Item count: 2
Contributing types: Preferences, Passwords}
{"logTime": "1001/161114", "correlationVector":"Fa/AHmCv+q/+pc+Nsu8Iub.1","action":"SyncServerConnectionManagerRequest", "result":"SYNC_SERVER_OK", "context":{"environment":"Prod_SoutheastAsia_000j", "migrationStage":"NotStarted", "server":"GENERAL0300001I"}}
{"logTime": "1001/161114", "correlationVector":"Fa/AHmCv+q/+pc+Nsu8Iub.2","action":"Commit Response", "result":"Success", "context":Result: Success. cV=Fa/AHmCv+q/+pc+Nsu8Iub.0;server=GENERAL0300001I;cloudType=Consumer;environment=Prod_SoutheastAsia_000j;migrationStage=NotStarted}
{"logTime": "1001/161407", "correlationVector":"xx6hPy2CGu6aNPhVoQRBM0","action":"Commit Request", "result":"", "context":Item count: 1
Contributing types: Sessions}
{"logTime": "1001/161408", "correlationVector":"xx6hPy2CGu6aNPhVoQRBM0.1","action":"SyncServerConnectionManagerRequest", "result":"SYNC_SERVER_OK", "context":{"environment":"Prod_SoutheastAsia_000j", "migrationStage":"NotStarted", "server":"GENERAL03000015"}}
{"logTime": "1001/161408", "correlationVector":"xx6hPy2CGu6aNPhVoQRBM0.2","action":"Commit Response", "result":"Success", "context":Result: Success. cV=xx6hPy2CGu6aNPhVoQRBM0.0;server=GENERAL03000015;cloudType=Consumer;environment=Prod_SoutheastAsia_000j;migrationStage=NotStarted}
{"logTime": "1001/161541", "correlationVector":"8sK1qdiqGnXw2hY45ymYeb","action":"Normal GetUpdate request", "result":"", "context":cV=8sK1qdiqGnXw2hY45ymYeb
Refresh requested types: Bookmarks, Preferences, Passwords, Autofill Profiles, Autofill, Typed URLs, Extensions, Sessions, Extension settings, History Delete Directives, Device Info, User Consents, Send Tab To Self, Web Apps, Collection, Edge E Drop, Edge Hub App Usage, Edge Tab Group, Edge Wallet, Encryption Keys}
{"logTime": "1001/161542", "correlationVector":"8sK1qdiqGnXw2hY45ymYeb.1","action":"SyncServerConnectionManagerRequest", "result":"SYNC_SERVER_OK", "context":{"environment":"Prod_SoutheastAsia_000j", "migrationStage":"NotStarted", "server":"GENERAL03000006"}}
{"logTime": "1001/161542", "correlationVector":"8sK1qdiqGnXw2hY45ymYeb.2","action":"GetUpdates Response", "result":"Success", "context":Received 3 update(s). cV=8sK1qdiqGnXw2hY45ymYeb.0;server=GENERAL03000006;cloudType=Consumer;environment=Prod_SoutheastAsia_000j;migrationStage=NotStarted}
{"logTime": "1001/161708", "correlationVector":"ZdQXyAhk/pk44N2sbwAfkB","action":"Commit Request", "result":"", "context":Item count: 1
Contributing types: Sessions}
{"logTime": "1001/161709", "correlationVector":"ZdQXyAhk/pk44N2sbwAfkB.1","action":"SyncServerConnectionManagerRequest", "result":"SYNC_SERVER_OK", "context":{"environment":"Prod_SoutheastAsia_000j", "migrationStage":"NotStarted", "server":"GENERAL0300000M"}}
{"logTime": "1001/161709", "correlationVector":"ZdQXyAhk/pk44N2sbwAfkB.2","action":"Commit Response", "result":"Success", "context":Result: Success. cV=ZdQXyAhk/pk44N2sbwAfkB.0;server=GENERAL0300000M;cloudType=Consumer;environment=Prod_SoutheastAsia_000j;migrationStage=NotStarted}
{"logTime": "1001/161757", "correlationVector":"bxedfQVulOXN0OkLOvzQgd","action":"Commit Request", "result":"", "context":Item count: 1
Contributing types: Sessions}
{"logTime": "1001/161758", "correlationVector":"bxedfQVulOXN0OkLOvzQgd.1","action":"SyncServerConnectionManagerRequest", "result":"SYNC_SERVER_OK", "context":{"environment":"Prod_SoutheastAsia_000j", "migrationStage":"NotStarted", "server":"GENERAL03000003"}}
{"logTime": "1001/161758", "correlationVector":"bxedfQVulOXN0OkLOvzQgd.2","action":"Commit Response", "result":"Success", "context":Result: Success. cV=bxedfQVulOXN0OkLOvzQgd.0;server=GENERAL03000003;cloudType=Consumer;environment=Prod_SoutheastAsia_000j;migrationStage=NotStarted}
{"logTime": "1001/161838", "correlationVector":"8yOAWXwuc/p+C9bJyHZ/xC","action":"Normal GetUpdate request", "result":"", "context":cV=8yOAWXwuc/p+C9bJyHZ/xC
Notified types: Device Info}
{"logTime": "1001/161840", "correlationVector":"8yOAWXwuc/p+C9bJyHZ/xC.1","action":"SyncServerConnectionManagerRequest", "result":"SYNC_SERVER_OK", "context":{"environment":"Prod_SoutheastAsia_000j", "migrationStage":"NotStarted", "server":"GENERAL0300001B"}}
{"logTime": "1001/161840", "correlationVector":"8yOAWXwuc/p+C9bJyHZ/xC.2","action":"GetUpdates Response", "result":"Success", "context":Received 4 update(s). cV=8yOAWXwuc/p+C9bJyHZ/xC.0;server=GENERAL0300001B;cloudType=Consumer;environment=Prod_SoutheastAsia_000j;migrationStage=NotStarted}
{"logTime": "1001/162634", "correlationVector":"D/ZX1HFrc9TJgG227xOYym.1","action":"SyncServerConnectionManagerRequest", "result":"SYNC_SERVER_OK", "context":{"environment":"Prod_SoutheastAsia_000j", "migrationStage":"NotStarted", "server":"GENERAL01000014"}}
{"logTime": "1001/162636", "correlationVector":"O8KwyxyXMhPDOu/XCD//KN","action":"SyncServerConnectionManagerRequest", "result":"SYNC_SERVER_OK", "context":{"environment":"", "migrationStage":"", "server":""}}
{"logTime": "1001/162636", "correlationVector":"D/ZX1HFrc9TJgG227xOYym","action":"Initial GetUpdates", "result":"", "context":Reason: NEW_CLIENT. cV=D/ZX1HFrc9TJgG227xOYym}
{"logTime": "1001/162636", "correlationVector":"D/ZX1HFrc9TJgG227xOYym.2","action":"GetUpdates Response", "result":"Success", "context":Received 1 update(s). cV=D/ZX1HFrc9TJgG227xOYym.0;server=GENERAL01000014;cloudType=Consumer;environment=Prod_SoutheastAsia_000j;migrationStage=NotStarted}
{"logTime": "1001/162636", "correlationVector":"EZvvVzIwgZjn+Aw3WuUeu1","action":"Initial GetUpdates", "result":"", "context":Reason: NEWLY_SUPPORTED_DATATYPE. cV=EZvvVzIwgZjn+Aw3WuUeu1}
{"logTime": "1001/162636", "correlationVector":"EZvvVzIwgZjn+Aw3WuUeu1.1","action":"SyncServerConnectionManagerRequest", "result":"SYNC_SERVER_OK", "context":{"environment":"Prod_SoutheastAsia_000j", "migrationStage":"NotStarted", "server":"GENERAL0100000Q"}}
{"logTime": "1001/162636", "correlationVector":"EZvvVzIwgZjn+Aw3WuUeu1.2","action":"GetUpdates Response", "result":"Success", "context":Received 1 update(s). cV=EZvvVzIwgZjn+Aw3WuUeu1.0;server=GENERAL0100000Q;cloudType=Consumer;environment=Prod_SoutheastAsia_000j;migrationStage=NotStarted}
{"logTime": "1001/162636", "correlationVector":"QvgfaAUiqpciW+qgTnQRwE","action":"Normal GetUpdate request", "result":"", "context":cV=QvgfaAUiqpciW+qgTnQRwE
Nudged types: Sessions
Refresh requested types: Bookmarks, Preferences, Passwords, Autofill Profiles, Autofill, Typed URLs, Extensions, Sessions, Extension settings, History Delete Directives, Device Info, User Consents, Send Tab To Self, Web Apps, Collection, Edge E Drop, Edge Hub App Usage, Edge Tab Group, Edge Wallet, Encryption Keys}
{"logTime": "1001/162637", "correlationVector":"QvgfaAUiqpciW+qgTnQRwE.1","action":"SyncServerConnectionManagerRequest", "result":"SYNC_SERVER_OK", "context":{"environment":"Prod_SoutheastAsia_000j", "migrationStage":"NotStarted", "server":"GENERAL01000016"}}
{"logTime": "1001/162637", "correlationVector":"QvgfaAUiqpciW+qgTnQRwE.2","action":"GetUpdates Response", "result":"Success", "context":Received 1 update(s). cV=QvgfaAUiqpciW+qgTnQRwE.0;server=GENERAL01000016;cloudType=Consumer;environment=Prod_SoutheastAsia_000j;migrationStage=NotStarted}
{"logTime": "1001/162637", "correlationVector":"n3MTEkhMXBHuynVbNrUO3N","action":"Commit Request", "result":"", "context":Item count: 3
Contributing types: Sessions}
{"logTime": "1001/162637", "correlationVector":"n3MTEkhMXBHuynVbNrUO3N.1","action":"SyncServerConnectionManagerRequest", "result":"SYNC_SERVER_OK", "context":{"environment":"Prod_SoutheastAsia_000j", "migrationStage":"NotStarted", "server":"GENERAL0100001D"}}
{"logTime": "1001/162637", "correlationVector":"n3MTEkhMXBHuynVbNrUO3N.3","action":"Commit.Sessions", "result":"Success", "context":{"id":"fc580165-04a9-45a4-9f97-65e974616765", "isDeleted":"true", "size":"0", "version":"1727799475982"}}
{"logTime": "1001/162637", "correlationVector":"n3MTEkhMXBHuynVbNrUO3N.2","action":"Commit Response", "result":"Success", "context":Result: Success. cV=n3MTEkhMXBHuynVbNrUO3N.0;server=GENERAL0100001D;cloudType=Consumer;environment=Prod_SoutheastAsia_000j;migrationStage=NotStarted}
{"logTime": "1001/162643", "correlationVector":"87KEfu97zGrUBsCvbL8R9r","action":"Normal GetUpdate request", "result":"", "context":cV=87KEfu97zGrUBsCvbL8R9r
Nudged types: Sessions, Edge Hub App Usage}
{"logTime": "1001/162644", "correlationVector":"87KEfu97zGrUBsCvbL8R9r.1","action":"SyncServerConnectionManagerRequest", "result":"SYNC_SERVER_OK", "context":{"environment":"Prod_SoutheastAsia_000j", "migrationStage":"NotStarted", "server":"GENERAL0300000P"}}
{"logTime": "1001/162644", "correlationVector":"87KEfu97zGrUBsCvbL8R9r.2","action":"GetUpdates", "result":"DeleteReceived", "context":{"id":"fc580165-04a9-45a4-9f97-65e974616765", "isDeleted:":"true", "version":"1727799994934"}}
{"logTime": "1001/162644", "correlationVector":"87KEfu97zGrUBsCvbL8R9r.3","action":"GetUpdates Response", "result":"Success", "context":Received 3 update(s). cV=87KEfu97zGrUBsCvbL8R9r.0;server=GENERAL0300000P;cloudType=Consumer;environment=Prod_SoutheastAsia_000j;migrationStage=NotStarted}
{"logTime": "1001/162644", "correlationVector":"9yhhNtKFZwZdtVXb39cVjE","action":"Commit Request", "result":"", "context":Item count: 1
Contributing types: Edge Hub App Usage}
{"logTime": "1001/162645", "correlationVector":"9yhhNtKFZwZdtVXb39cVjE.1","action":"SyncServerConnectionManagerRequest", "result":"SYNC_SERVER_OK", "context":{"environment":"Prod_SoutheastAsia_000j", "migrationStage":"NotStarted", "server":"GENERAL0100000L"}}
{"logTime": "1001/162645", "correlationVector":"9yhhNtKFZwZdtVXb39cVjE.2","action":"Commit Response", "result":"Success", "context":Result: Success. cV=9yhhNtKFZwZdtVXb39cVjE.0;server=GENERAL0100000L;cloudType=Consumer;environment=Prod_SoutheastAsia_000j;migrationStage=NotStarted}
{"logTime": "1001/162732", "correlationVector":"B60Kyr6QCFX/U5fhfUQQRI","action":"Commit Request", "result":"", "context":Item count: 1
Contributing types: Sessions}
{"logTime": "1001/162732", "correlationVector":"B60Kyr6QCFX/U5fhfUQQRI.1","action":"SyncServerConnectionManagerRequest", "result":"SYNC_SERVER_OK", "context":{"environment":"Prod_SoutheastAsia_000j", "migrationStage":"NotStarted", "server":"GENERAL0300000N"}}
{"logTime": "1001/162732", "correlationVector":"B60Kyr6QCFX/U5fhfUQQRI.2","action":"Commit Response", "result":"Success", "context":Result: Success. cV=B60Kyr6QCFX/U5fhfUQQRI.0;server=GENERAL0300000N;cloudType=Consumer;environment=Prod_SoutheastAsia_000j;migrationStage=NotStarted}
{"logTime": "1001/162808", "correlationVector":"HDaNiIieR6P3Qoovt9Ierp","action":"Commit Request", "result":"", "context":Item count: 1
Contributing types: Sessions}
{"logTime": "1001/162808", "correlationVector":"HDaNiIieR6P3Qoovt9Ierp.1","action":"SyncServerConnectionManagerRequest", "result":"SYNC_SERVER_OK", "context":{"environment":"Prod_SoutheastAsia_000j", "migrationStage":"NotStarted", "server":"GENERAL0100000W"}}
{"logTime": "1001/162808", "correlationVector":"HDaNiIieR6P3Qoovt9Ierp.2","action":"Commit Response", "result":"Success", "context":Result: Success. cV=HDaNiIieR6P3Qoovt9Ierp.0;server=GENERAL0100000W;cloudType=Consumer;environment=Prod_SoutheastAsia_000j;migrationStage=NotStarted}
{"logTime": "1001/162849", "correlationVector":"HNYk6CTkldmPJzr8JCXbwj","action":"Commit Request", "result":"", "context":Item count: 1
Contributing types: Sessions}
{"logTime": "1001/162851", "correlationVector":"HNYk6CTkldmPJzr8JCXbwj.1","action":"SyncServerConnectionManagerRequest", "result":"SYNC_SERVER_OK", "context":{"environment":"Prod_SoutheastAsia_000j", "migrationStage":"NotStarted", "server":"GENERAL0100000A"}}
{"logTime": "1001/162851", "correlationVector":"HNYk6CTkldmPJzr8JCXbwj.2","action":"Commit Response", "result":"Success", "context":Result: Success. cV=HNYk6CTkldmPJzr8JCXbwj.0;server=GENERAL0100000A;cloudType=Consumer;environment=Prod_SoutheastAsia_000j;migrationStage=NotStarted}
{"logTime": "1001/163109", "correlationVector":"idaSRaZtayBZDLXms4atDX","action":"Commit Request", "result":"", "context":Item count: 1
Contributing types: Sessions}
{"logTime": "1001/163109", "correlationVector":"idaSRaZtayBZDLXms4atDX.1","action":"SyncServerConnectionManagerRequest", "result":"SYNC_SERVER_OK", "context":{"environment":"Prod_SoutheastAsia_000j", "migrationStage":"NotStarted", "server":"GENERAL0300000J"}}
{"logTime": "1001/163109", "correlationVector":"idaSRaZtayBZDLXms4atDX.2","action":"Commit Response", "result":"Success", "context":Result: Success. cV=idaSRaZtayBZDLXms4atDX.0;server=GENERAL0300000J;cloudType=Consumer;environment=Prod_SoutheastAsia_000j;migrationStage=NotStarted}
{"logTime": "1001/163127", "correlationVector":"tgUExjkbotA7A0Z0OcQQgi","action":"Normal GetUpdate request", "result":"", "context":cV=tgUExjkbotA7A0Z0OcQQgi
Refresh requested types: Bookmarks, Preferences, Passwords, Autofill Profiles, Autofill, Typed URLs, Extensions, Sessions, Extension settings, History Delete Directives, Device Info, User Consents, Send Tab To Self, Web Apps, Collection, Edge E Drop, Edge Hub App Usage, Edge Tab Group, Edge Wallet, Encryption Keys}
{"logTime": "1001/163128", "correlationVector":"tgUExjkbotA7A0Z0OcQQgi.1","action":"SyncServerConnectionManagerRequest", "result":"SYNC_SERVER_OK", "context":{"environment":"Prod_SoutheastAsia_000j", "migrationStage":"NotStarted", "server":"GENERAL03000004"}}
{"logTime": "1001/163128", "correlationVector":"tgUExjkbotA7A0Z0OcQQgi.2","action":"GetUpdates Response", "result":"Success", "context":Received 3 update(s). cV=tgUExjkbotA7A0Z0OcQQgi.0;server=GENERAL03000004;cloudType=Consumer;environment=Prod_SoutheastAsia_000j;migrationStage=NotStarted}
{"logTime": "1001/163323", "correlationVector":"O4R0Vqg2x+D7jkhgYEHtOe","action":"Commit Request", "result":"", "context":Item count: 1
Contributing types: Sessions}
{"logTime": "1001/163324", "correlationVector":"O4R0Vqg2x+D7jkhgYEHtOe.1","action":"SyncServerConnectionManagerRequest", "result":"SYNC_SERVER_OK", "context":{"environment":"Prod_SoutheastAsia_000j", "migrationStage":"NotStarted", "server":"GENERAL03000003"}}
{"logTime": "1001/163324", "correlationVector":"O4R0Vqg2x+D7jkhgYEHtOe.2","action":"Commit Response", "result":"Success", "context":Result: Success. cV=O4R0Vqg2x+D7jkhgYEHtOe.0;server=GENERAL03000003;cloudType=Consumer;environment=Prod_SoutheastAsia_000j;migrationStage=NotStarted}
{"logTime": "1001/163653", "correlationVector":"5c8g8qcEeCydKEAzrOVRec.1","action":"SyncServerConnectionManagerRequest", "result":"SYNC_SERVER_OK", "context":{"environment":"Prod_SoutheastAsia_000j", "migrationStage":"NotStarted", "server":"GENERAL01000014"}}
{"logTime": "1001/163653", "correlationVector":"+/YQ2H5JZOq7GqesJDfdOk","action":"SyncServerConnectionManagerRequest", "result":"SYNC_SERVER_OK", "context":{"environment":"", "migrationStage":"", "server":""}}
{"logTime": "1001/163653", "correlationVector":"5c8g8qcEeCydKEAzrOVRec","action":"Initial GetUpdates", "result":"", "context":Reason: NEW_CLIENT. cV=5c8g8qcEeCydKEAzrOVRec}
{"logTime": "1001/163653", "correlationVector":"5c8g8qcEeCydKEAzrOVRec.2","action":"GetUpdates Response", "result":"Success", "context":Received 1 update(s). cV=5c8g8qcEeCydKEAzrOVRec.0;server=GENERAL01000014;cloudType=Consumer;environment=Prod_SoutheastAsia_000j;migrationStage=NotStarted}
{"logTime": "1001/163653", "correlationVector":"D65m88hL509pdXIgCpEBR5","action":"Initial GetUpdates", "result":"", "context":Reason: NEWLY_SUPPORTED_DATATYPE. cV=D65m88hL509pdXIgCpEBR5}
{"logTime": "1001/163654", "correlationVector":"D65m88hL509pdXIgCpEBR5.1","action":"SyncServerConnectionManagerRequest", "result":"SYNC_SERVER_OK", "context":{"environment":"Prod_SoutheastAsia_000j", "migrationStage":"NotStarted", "server":"GENERAL03000000"}}
{"logTime": "1001/163654", "correlationVector":"D65m88hL509pdXIgCpEBR5.2","action":"GetUpdates Response", "result":"Success", "context":Received 1 update(s). cV=D65m88hL509pdXIgCpEBR5.0;server=GENERAL03000000;cloudType=Consumer;environment=Prod_SoutheastAsia_000j;migrationStage=NotStarted}
{"logTime": "1001/163654", "correlationVector":"zVnJA1E9Fq0FqGzGaYD8PE","action":"Normal GetUpdate request", "result":"", "context":cV=zVnJA1E9Fq0FqGzGaYD8PE
Nudged types: Sessions
Refresh requested types: Bookmarks, Preferences, Passwords, Autofill Profiles, Autofill, Typed URLs, Extensions, Sessions, Extension settings, History Delete Directives, Device Info, User Consents, Send Tab To Self, Web Apps, Collection, Edge E Drop, Edge Hub App Usage, Edge Tab Group, Edge Wallet, Encryption Keys}
{"logTime": "1001/163655", "correlationVector":"zVnJA1E9Fq0FqGzGaYD8PE.1","action":"SyncServerConnectionManagerRequest", "result":"SYNC_SERVER_OK", "context":{"environment":"Prod_SoutheastAsia_000j", "migrationStage":"NotStarted", "server":"GENERAL0300001V"}}
{"logTime": "1001/163655", "correlationVector":"zVnJA1E9Fq0FqGzGaYD8PE.2","action":"GetUpdates Response", "result":"Success", "context":Received 2 update(s). cV=zVnJA1E9Fq0FqGzGaYD8PE.0;server=GENERAL0300001V;cloudType=Consumer;environment=Prod_SoutheastAsia_000j;migrationStage=NotStarted}
{"logTime": "1001/163655", "correlationVector":"CQavrfk3xLbyZOvuL1YZ4u","action":"Commit Request", "result":"", "context":Item count: 3
Contributing types: Sessions}
{"logTime": "1001/163656", "correlationVector":"CQavrfk3xLbyZOvuL1YZ4u.1","action":"SyncServerConnectionManagerRequest", "result":"SYNC_SERVER_OK", "context":{"environment":"Prod_SoutheastAsia_000j", "migrationStage":"NotStarted", "server":"GENERAL0300000G"}}
{"logTime": "1001/163656", "correlationVector":"CQavrfk3xLbyZOvuL1YZ4u.2","action":"Commit Response", "result":"Success", "context":Result: Success. cV=CQavrfk3xLbyZOvuL1YZ4u.0;server=GENERAL0300000G;cloudType=Consumer;environment=Prod_SoutheastAsia_000j;migrationStage=NotStarted}
{"logTime": "1001/163726", "correlationVector":"R1pO+NmsixuA1EDEkAy0wx","action":"Normal GetUpdate request", "result":"", "context":cV=R1pO+NmsixuA1EDEkAy0wx
Nudged types: Sessions}
{"logTime": "1001/163727", "correlationVector":"R1pO+NmsixuA1EDEkAy0wx.1","action":"SyncServerConnectionManagerRequest", "result":"SYNC_SERVER_OK", "context":{"environment":"Prod_SoutheastAsia_000j", "migrationStage":"NotStarted", "server":"GENERAL0100000N"}}
{"logTime": "1001/163727", "correlationVector":"R1pO+NmsixuA1EDEkAy0wx.2","action":"GetUpdates Response", "result":"Success", "context":Received 3 update(s). cV=R1pO+NmsixuA1EDEkAy0wx.0;server=GENERAL0100000N;cloudType=Consumer;environment=Prod_SoutheastAsia_000j;migrationStage=NotStarted}
{"logTime": "1001/163727", "correlationVector":"hgkDhtiSUILgpecv97KuGJ","action":"Commit Request", "result":"", "context":Item count: 2
Contributing types: Sessions}
{"logTime": "1001/163729", "correlationVector":"hgkDhtiSUILgpecv97KuGJ.1","action":"SyncServerConnectionManagerRequest", "result":"SYNC_SERVER_OK", "context":{"environment":"Prod_SoutheastAsia_000j", "migrationStage":"NotStarted", "server":"GENERAL01000015"}}
{"logTime": "1001/163729", "correlationVector":"hgkDhtiSUILgpecv97KuGJ.3","action":"Commit.Sessions", "result":"Success", "context":{"id":"5ffbd812-75af-4a2c-a228-3226aa24463c", "isDeleted":"true", "size":"0", "version":"1727800613438"}}
{"logTime": "1001/163729", "correlationVector":"hgkDhtiSUILgpecv97KuGJ.2","action":"Commit Response", "result":"Success", "context":Result: Success. cV=hgkDhtiSUILgpecv97KuGJ.0;server=GENERAL01000015;cloudType=Consumer;environment=Prod_SoutheastAsia_000j;migrationStage=NotStarted}
{"logTime": "1001/163920", "correlationVector":"TGLHQl1udaiERRhGyTFUlR","action":"Commit Request", "result":"", "context":Item count: 1
Contributing types: Sessions}
{"logTime": "1001/163921", "correlationVector":"TGLHQl1udaiERRhGyTFUlR.1","action":"SyncServerConnectionManagerRequest", "result":"SYNC_SERVER_OK", "context":{"environment":"Prod_SoutheastAsia_000j", "migrationStage":"NotStarted", "server":"GENERAL0100000N"}}
{"logTime": "1001/163921", "correlationVector":"TGLHQl1udaiERRhGyTFUlR.2","action":"Commit Response", "result":"Success", "context":Result: Success. cV=TGLHQl1udaiERRhGyTFUlR.0;server=GENERAL0100000N;cloudType=Consumer;environment=Prod_SoutheastAsia_000j;migrationStage=NotStarted}
{"logTime": "1001/164150", "correlationVector":"XTYOu/Ja6ulf+GOgJ4HUqg","action":"Normal GetUpdate request", "result":"", "context":cV=XTYOu/Ja6ulf+GOgJ4HUqg
Refresh requested types: Bookmarks, Preferences, Passwords, Autofill Profiles, Autofill, Typed URLs, Extensions, Sessions, Extension settings, History Delete Directives, Device Info, User Consents, Send Tab To Self, Web Apps, Collection, Edge E Drop, Edge Hub App Usage, Edge Tab Group, Edge Wallet, Encryption Keys}
{"logTime": "1001/164151", "correlationVector":"XTYOu/Ja6ulf+GOgJ4HUqg.1","action":"SyncServerConnectionManagerRequest", "result":"SYNC_SERVER_OK", "context":{"environment":"Prod_SoutheastAsia_000j", "migrationStage":"NotStarted", "server":"GENERAL01000006"}}
{"logTime": "1001/164151", "correlationVector":"XTYOu/Ja6ulf+GOgJ4HUqg.2","action":"GetUpdates", "result":"DeleteReceived", "context":{"id":"5ffbd812-75af-4a2c-a228-3226aa24463c", "isDeleted:":"true", "version":"1727800645595"}}
{"logTime": "1001/164151", "correlationVector":"XTYOu/Ja6ulf+GOgJ4HUqg.3","action":"GetUpdates Response", "result":"Success", "context":Received 3 update(s). cV=XTYOu/Ja6ulf+GOgJ4HUqg.0;server=GENERAL01000006;cloudType=Consumer;environment=Prod_SoutheastAsia_000j;migrationStage=NotStarted}
{"logTime": "1001/164358", "correlationVector":"5ABtDS5dIhDc4sCNFY94rq","action":"Commit Request", "result":"", "context":Item count: 1
Contributing types: Sessions}
{"logTime": "1001/164359", "correlationVector":"5ABtDS5dIhDc4sCNFY94rq.1","action":"SyncServerConnectionManagerRequest", "result":"SYNC_SERVER_OK", "context":{"environment":"Prod_SoutheastAsia_000j", "migrationStage":"NotStarted", "server":"GENERAL0300001E"}}
{"logTime": "1001/164359", "correlationVector":"5ABtDS5dIhDc4sCNFY94rq.2","action":"Commit Response", "result":"Success", "context":Result: Success. cV=5ABtDS5dIhDc4sCNFY94rq.0;server=GENERAL0300001E;cloudType=Consumer;environment=Prod_SoutheastAsia_000j;migrationStage=NotStarted}
{"logTime": "1001/164649", "correlationVector":"J6m6i3Xuyx4MLmrJQHohBn","action":"Commit Request", "result":"", "context":Item count: 1
Contributing types: Sessions}
{"logTime": "1001/164650", "correlationVector":"J6m6i3Xuyx4MLmrJQHohBn.1","action":"SyncServerConnectionManagerRequest", "result":"SYNC_SERVER_OK", "context":{"environment":"Prod_SoutheastAsia_000j", "migrationStage":"NotStarted", "server":"GENERAL0300002I"}}
{"logTime": "1001/164650", "correlationVector":"J6m6i3Xuyx4MLmrJQHohBn.2","action":"Commit Response", "result":"Success", "context":Result: Success. cV=J6m6i3Xuyx4MLmrJQHohBn.0;server=GENERAL0300002I;cloudType=Consumer;environment=Prod_SoutheastAsia_000j;migrationStage=NotStarted}
{"logTime": "1001/164752", "correlationVector":"QPy4SgA8UGPlY+wX2WyC1B","action":"Commit Request", "result":"", "context":Item count: 1
Contributing types: Sessions}
{"logTime": "1001/164753", "correlationVector":"QPy4SgA8UGPlY+wX2WyC1B.1","action":"SyncServerConnectionManagerRequest", "result":"SYNC_SERVER_OK", "context":{"environment":"Prod_SoutheastAsia_000j", "migrationStage":"NotStarted", "server":"GENERAL03000026"}}
{"logTime": "1001/164753", "correlationVector":"QPy4SgA8UGPlY+wX2WyC1B.2","action":"Commit Response", "result":"Success", "context":Result: Success. cV=QPy4SgA8UGPlY+wX2WyC1B.0;server=GENERAL03000026;cloudType=Consumer;environment=Prod_SoutheastAsia_000j;migrationStage=NotStarted}
{"logTime": "1001/171251", "correlationVector":"qSp/Wg+h63cp/feICrftgw.1","action":"SyncServerConnectionManagerRequest", "result":"SYNC_SERVER_OK", "context":{"environment":"Prod_SoutheastAsia_000j", "migrationStage":"NotStarted", "server":"GENERAL0300000X"}}
{"logTime": "1001/171253", "correlationVector":"TV20jyNji3C5jKmLXzq3q8","action":"SyncServerConnectionManagerRequest", "result":"SYNC_SERVER_OK", "context":{"environment":"", "migrationStage":"", "server":""}}
{"logTime": "1001/171253", "correlationVector":"qSp/Wg+h63cp/feICrftgw","action":"Initial GetUpdates", "result":"", "context":Reason: NEW_CLIENT. cV=qSp/Wg+h63cp/feICrftgw}
{"logTime": "1001/171253", "correlationVector":"qSp/Wg+h63cp/feICrftgw.2","action":"GetUpdates Response", "result":"Success", "context":Received 1 update(s). cV=qSp/Wg+h63cp/feICrftgw.0;server=GENERAL0300000X;cloudType=Consumer;environment=Prod_SoutheastAsia_000j;migrationStage=NotStarted}
{"logTime": "1001/171253", "correlationVector":"4C5A6RNxcJzvvxGbwDzCOQ","action":"Initial GetUpdates", "result":"", "context":Reason: NEWLY_SUPPORTED_DATATYPE. cV=4C5A6RNxcJzvvxGbwDzCOQ}
{"logTime": "1001/171254", "correlationVector":"4C5A6RNxcJzvvxGbwDzCOQ.1","action":"SyncServerConnectionManagerRequest", "result":"SYNC_SERVER_OK", "context":{"environment":"Prod_SoutheastAsia_000j", "migrationStage":"NotStarted", "server":"GENERAL01000013"}}
{"logTime": "1001/171254", "correlationVector":"4C5A6RNxcJzvvxGbwDzCOQ.2","action":"GetUpdates Response", "result":"Success", "context":Received 1 update(s). cV=4C5A6RNxcJzvvxGbwDzCOQ.0;server=GENERAL01000013;cloudType=Consumer;environment=Prod_SoutheastAsia_000j;migrationStage=NotStarted}
{"logTime": "1001/171254", "correlationVector":"kUlhefOOrEZ0ENcYLbcCXE","action":"Normal GetUpdate request", "result":"", "context":cV=kUlhefOOrEZ0ENcYLbcCXE
Nudged types: Sessions
Refresh requested types: Bookmarks, Preferences, Passwords, Autofill Profiles, Autofill, Typed URLs, Extensions, Sessions, Extension settings, History Delete Directives, Device Info, User Consents, Send Tab To Self, Web Apps, Collection, Edge E Drop, Edge Hub App Usage, Edge Tab Group, Edge Wallet, Encryption Keys}
{"logTime": "1001/171255", "correlationVector":"kUlhefOOrEZ0ENcYLbcCXE.1","action":"SyncServerConnectionManagerRequest", "result":"SYNC_SERVER_OK", "context":{"environment":"Prod_SoutheastAsia_000j", "migrationStage":"NotStarted", "server":"GENERAL0100001E"}}
{"logTime": "1001/171255", "correlationVector":"kUlhefOOrEZ0ENcYLbcCXE.2","action":"GetUpdates", "result":"DeleteReceived", "context":{"id":"31434332-3fef-45ce-8001-3b11e8a07bf8", "isDeleted:":"true", "version":"1727801074027"}}
{"logTime": "1001/171255", "correlationVector":"kUlhefOOrEZ0ENcYLbcCXE.3","action":"GetUpdates", "result":"DeleteReceived", "context":{"id":"60a06cef-6eb5-410c-9475-763bab179bda", "isDeleted:":"true", "version":"1727801419168"}}
{"logTime": "1001/171255", "correlationVector":"kUlhefOOrEZ0ENcYLbcCXE.4","action":"GetUpdates Response", "result":"Success", "context":Received 5 update(s). cV=kUlhefOOrEZ0ENcYLbcCXE.0;server=GENERAL0100001E;cloudType=Consumer;environment=Prod_SoutheastAsia_000j;migrationStage=NotStarted}
{"logTime": "1001/171328", "correlationVector":"sRTiMDGKViwEgg3JNyWqZy","action":"Normal GetUpdate request", "result":"", "context":cV=sRTiMDGKViwEgg3JNyWqZy
Nudged types: Sessions}
{"logTime": "1001/171329", "correlationVector":"sRTiMDGKViwEgg3JNyWqZy.1","action":"SyncServerConnectionManagerRequest", "result":"SYNC_SERVER_OK", "context":{"environment":"Prod_SoutheastAsia_000j", "migrationStage":"NotStarted", "server":"GENERAL0300000Z"}}
{"logTime": "1001/171329", "correlationVector":"sRTiMDGKViwEgg3JNyWqZy.2","action":"GetUpdates Response", "result":"Success", "context":Received 0 update(s). cV=sRTiMDGKViwEgg3JNyWqZy.0;server=GENERAL0300000Z;cloudType=Consumer;environment=Prod_SoutheastAsia_000j;migrationStage=NotStarted}
{"logTime": "1001/171329", "correlationVector":"Eblxn6OS7AuQuQ+rvu+GaR","action":"Commit Request", "result":"", "context":Item count: 2
Contributing types: Sessions}
{"logTime": "1001/171330", "correlationVector":"Eblxn6OS7AuQuQ+rvu+GaR.1","action":"SyncServerConnectionManagerRequest", "result":"SYNC_SERVER_OK", "context":{"environment":"Prod_SoutheastAsia_000j", "migrationStage":"NotStarted", "server":"GENERAL0300001I"}}
{"logTime": "1001/171330", "correlationVector":"Eblxn6OS7AuQuQ+rvu+GaR.2","action":"Commit Response", "result":"Success", "context":Result: Success. cV=Eblxn6OS7AuQuQ+rvu+GaR.0;server=GENERAL0300001I;cloudType=Consumer;environment=Prod_SoutheastAsia_000j;migrationStage=NotStarted}
{"logTime": "1001/171504", "correlationVector":"d4Zbi7QpQT55z+QEDmePwa","action":"Commit Request", "result":"", "context":Item count: 1
Contributing types: Sessions}
{"logTime": "1001/172008", "correlationVector":"HGQRHMGfkW7B+YpXGSfZkC.1","action":"SyncServerConnectionManagerRequest", "result":"SYNC_SERVER_OK", "context":{"environment":"Prod_SoutheastAsia_000j", "migrationStage":"NotStarted", "server":"GENERAL0300000M"}}
{"logTime": "1001/172014", "correlationVector":"g3y5wpvH3+3h9PoPG4/3s9","action":"SyncServerConnectionManagerRequest", "result":"SYNC_SERVER_OK", "context":{"environment":"", "migrationStage":"", "server":""}}
{"logTime": "1001/172014", "correlationVector":"HGQRHMGfkW7B+YpXGSfZkC","action":"Initial GetUpdates", "result":"", "context":Reason: NEW_CLIENT. cV=HGQRHMGfkW7B+YpXGSfZkC}
{"logTime": "1001/172014", "correlationVector":"HGQRHMGfkW7B+YpXGSfZkC.2","action":"GetUpdates Response", "result":"Success", "context":Received 1 update(s). cV=HGQRHMGfkW7B+YpXGSfZkC.0;server=GENERAL0300000M;cloudType=Consumer;environment=Prod_SoutheastAsia_000j;migrationStage=NotStarted}
{"logTime": "1001/172014", "correlationVector":"PyDc0YvmLfXowlrpJdx3h1","action":"Initial GetUpdates", "result":"", "context":Reason: NEWLY_SUPPORTED_DATATYPE. cV=PyDc0YvmLfXowlrpJdx3h1}
{"logTime": "1001/172016", "correlationVector":"PyDc0YvmLfXowlrpJdx3h1.1","action":"SyncServerConnectionManagerRequest", "result":"SYNC_SERVER_OK", "context":{"environment":"Prod_SoutheastAsia_000j", "migrationStage":"NotStarted", "server":"GENERAL03000003"}}
{"logTime": "1001/172016", "correlationVector":"PyDc0YvmLfXowlrpJdx3h1.2","action":"GetUpdates Response", "result":"Success", "context":Received 1 update(s). cV=PyDc0YvmLfXowlrpJdx3h1.0;server=GENERAL03000003;cloudType=Consumer;environment=Prod_SoutheastAsia_000j;migrationStage=NotStarted}
{"logTime": "1001/172016", "correlationVector":"8okYzZGShQSo4yMm2Pt8Eg","action":"Normal GetUpdate request", "result":"", "context":cV=8okYzZGShQSo4yMm2Pt8Eg
Nudged types: Sessions
Refresh requested types: Bookmarks, Preferences, Passwords, Autofill Profiles, Autofill, Typed URLs, Extensions, Sessions, Extension settings, History Delete Directives, Device Info, User Consents, Send Tab To Self, Web Apps, Collection, Edge E Drop, Edge Hub App Usage, Edge Tab Group, Edge Wallet, Encryption Keys}
{"logTime": "1001/172017", "correlationVector":"8okYzZGShQSo4yMm2Pt8Eg.1","action":"SyncServerConnectionManagerRequest", "result":"SYNC_SERVER_OK", "context":{"environment":"Prod_SoutheastAsia_000j", "migrationStage":"NotStarted", "server":"GENERAL03000015"}}
{"logTime": "1001/172017", "correlationVector":"8okYzZGShQSo4yMm2Pt8Eg.2","action":"GetUpdates Response", "result":"Success", "context":Received 2 update(s). cV=8okYzZGShQSo4yMm2Pt8Eg.0;server=GENERAL03000015;cloudType=Consumer;environment=Prod_SoutheastAsia_000j;migrationStage=NotStarted}
{"logTime": "1001/172017", "correlationVector":"onmG5cAVRGycTNJwx90MYy","action":"Commit Request", "result":"", "context":Item count: 1
Contributing types: Sessions}
{"logTime": "1001/172017", "correlationVector":"onmG5cAVRGycTNJwx90MYy.1","action":"SyncServerConnectionManagerRequest", "result":"SYNC_SERVER_OK", "context":{"environment":"Prod_SoutheastAsia_000j", "migrationStage":"NotStarted", "server":"GENERAL0300002I"}}
{"logTime": "1001/172017", "correlationVector":"onmG5cAVRGycTNJwx90MYy.2","action":"Commit Response", "result":"Success", "context":Result: Success. cV=onmG5cAVRGycTNJwx90MYy.0;server=GENERAL0300002I;cloudType=Consumer;environment=Prod_SoutheastAsia_000j;migrationStage=NotStarted}
{"logTime": "1001/172047", "correlationVector":"Sa/oCPqEZtz+IZeMT7NTTV","action":"Normal GetUpdate request", "result":"", "context":cV=Sa/oCPqEZtz+IZeMT7NTTV
Nudged types: Sessions}
{"logTime": "1001/172049", "correlationVector":"Sa/oCPqEZtz+IZeMT7NTTV.1","action":"SyncServerConnectionManagerRequest", "result":"SYNC_SERVER_OK", "context":{"environment":"Prod_SoutheastAsia_000j", "migrationStage":"NotStarted", "server":"GENERAL03000006"}}
{"logTime": "1001/172049", "correlationVector":"Sa/oCPqEZtz+IZeMT7NTTV.2","action":"GetUpdates Response", "result":"Success", "context":Received 1 update(s). cV=Sa/oCPqEZtz+IZeMT7NTTV.0;server=GENERAL03000006;cloudType=Consumer;environment=Prod_SoutheastAsia_000j;migrationStage=NotStarted}
{"logTime": "1001/172143", "correlationVector":"xbMSzQx4jzdNdmyr9TxMp6","action":"Commit Request", "result":"", "context":Item count: 3
Contributing types: Sessions}
{"logTime": "1001/172144", "correlationVector":"xbMSzQx4jzdNdmyr9TxMp6.1","action":"SyncServerConnectionManagerRequest", "result":"SYNC_SERVER_OK", "context":{"environment":"Prod_SoutheastAsia_000j", "migrationStage":"NotStarted", "server":"GENERAL0100000T"}}
{"logTime": "1001/172144", "correlationVector":"xbMSzQx4jzdNdmyr9TxMp6.3","action":"Commit.Sessions", "result":"Success", "context":{"id":"da722033-8907-4456-aaa3-68414c60d28e", "isDeleted":"true", "size":"0", "version":"1727803095253"}}
{"logTime": "1001/172144", "correlationVector":"xbMSzQx4jzdNdmyr9TxMp6.2","action":"Commit Response", "result":"Success", "context":Result: Success. cV=xbMSzQx4jzdNdmyr9TxMp6.0;server=GENERAL0100000T;cloudType=Consumer;environment=Prod_SoutheastAsia_000j;migrationStage=NotStarted}
{"logTime": "1001/172225", "correlationVector":"Z8N3NtAQqbOE9UH0tlXb6b","action":"Commit Request", "result":"", "context":Item count: 1
Contributing types: Sessions}
{"logTime": "1001/172226", "correlationVector":"Z8N3NtAQqbOE9UH0tlXb6b.1","action":"SyncServerConnectionManagerRequest", "result":"SYNC_SERVER_OK", "context":{"environment":"Prod_SoutheastAsia_000j", "migrationStage":"NotStarted", "server":"GENERAL01000012"}}
{"logTime": "1001/172226", "correlationVector":"Z8N3NtAQqbOE9UH0tlXb6b.2","action":"Commit Response", "result":"Success", "context":Result: Success. cV=Z8N3NtAQqbOE9UH0tlXb6b.0;server=GENERAL01000012;cloudType=Consumer;environment=Prod_SoutheastAsia_000j;migrationStage=NotStarted}
{"logTime": "1001/172421", "correlationVector":"hXxiepp+2xzdnSJWBhzHyn.1","action":"SyncServerConnectionManagerRequest", "result":"SYNC_SERVER_OK", "context":{"environment":"Prod_SoutheastAsia_000j", "migrationStage":"NotStarted", "server":"GENERAL0100000L"}}
{"logTime": "1001/172424", "correlationVector":"pfaQ8ZWGka7+EOiTzjQgkm","action":"SyncServerConnectionManagerRequest", "result":"SYNC_SERVER_OK", "context":{"environment":"", "migrationStage":"", "server":""}}
{"logTime": "1001/172424", "correlationVector":"hXxiepp+2xzdnSJWBhzHyn","action":"Initial GetUpdates", "result":"", "context":Reason: NEW_CLIENT. cV=hXxiepp+2xzdnSJWBhzHyn}
{"logTime": "1001/172424", "correlationVector":"hXxiepp+2xzdnSJWBhzHyn.2","action":"GetUpdates Response", "result":"Success", "context":Received 1 update(s). cV=hXxiepp+2xzdnSJWBhzHyn.0;server=GENERAL0100000L;cloudType=Consumer;environment=Prod_SoutheastAsia_000j;migrationStage=NotStarted}
{"logTime": "1001/172424", "correlationVector":"Q808Q79IiwyowCoeP5BW46","action":"Initial GetUpdates", "result":"", "context":Reason: NEWLY_SUPPORTED_DATATYPE. cV=Q808Q79IiwyowCoeP5BW46}
{"logTime": "1001/172425", "correlationVector":"Q808Q79IiwyowCoeP5BW46.1","action":"SyncServerConnectionManagerRequest", "result":"SYNC_SERVER_OK", "context":{"environment":"Prod_SoutheastAsia_000j", "migrationStage":"NotStarted", "server":"GENERAL0300001E"}}
{"logTime": "1001/172425", "correlationVector":"Q808Q79IiwyowCoeP5BW46.2","action":"GetUpdates Response", "result":"Success", "context":Received 1 update(s). cV=Q808Q79IiwyowCoeP5BW46.0;server=GENERAL0300001E;cloudType=Consumer;environment=Prod_SoutheastAsia_000j;migrationStage=NotStarted}
{"logTime": "1001/172425", "correlationVector":"laSCeFT71Da5Vij4U0pLoW","action":"Normal GetUpdate request", "result":"", "context":cV=laSCeFT71Da5Vij4U0pLoW
Nudged types: Sessions
Refresh requested types: Bookmarks, Preferences, Passwords, Autofill Profiles, Autofill, Typed URLs, Extensions, Sessions, Extension settings, History Delete Directives, Device Info, User Consents, Send Tab To Self, Web Apps, Collection, Edge E Drop, Edge Hub App Usage, Edge Tab Group, Edge Wallet, Encryption Keys}
{"logTime": "1001/172426", "correlationVector":"laSCeFT71Da5Vij4U0pLoW.1","action":"SyncServerConnectionManagerRequest", "result":"SYNC_SERVER_OK", "context":{"environment":"Prod_SoutheastAsia_000j", "migrationStage":"NotStarted", "server":"GENERAL0300001P"}}
{"logTime": "1001/172426", "correlationVector":"laSCeFT71Da5Vij4U0pLoW.2","action":"GetUpdates Response", "result":"Success", "context":Received 3 update(s). cV=laSCeFT71Da5Vij4U0pLoW.0;server=GENERAL0300001P;cloudType=Consumer;environment=Prod_SoutheastAsia_000j;migrationStage=NotStarted}
{"logTime": "1001/172426", "correlationVector":"XSZKLHrw+WtxEl7cmA+Z37","action":"Commit Request", "result":"", "context":Item count: 2
Contributing types: Sessions}
{"logTime": "1001/172427", "correlationVector":"XSZKLHrw+WtxEl7cmA+Z37.1","action":"SyncServerConnectionManagerRequest", "result":"SYNC_SERVER_OK", "context":{"environment":"Prod_SoutheastAsia_000j", "migrationStage":"NotStarted", "server":"GENERAL03000009"}}
{"logTime": "1001/172427", "correlationVector":"XSZKLHrw+WtxEl7cmA+Z37.3","action":"Commit.Sessions", "result":"Success", "context":{"id":"6a6c3e5e-e3b7-4bea-a576-3c7ae08a364c", "isDeleted":"true", "size":"0", "version":"1727803343291"}}
{"logTime": "1001/172427", "correlationVector":"XSZKLHrw+WtxEl7cmA+Z37.2","action":"Commit Response", "result":"Success", "context":Result: Success. cV=XSZKLHrw+WtxEl7cmA+Z37.0;server=GENERAL03000009;cloudType=Consumer;environment=Prod_SoutheastAsia_000j;migrationStage=NotStarted}
{"logTime": "1001/172457", "correlationVector":"2w5LTqpxLSV2S9UYBJz+Pc","action":"Normal GetUpdate request", "result":"", "context":cV=2w5LTqpxLSV2S9UYBJz+Pc
Nudged types: Sessions}
{"logTime": "1001/172459", "correlationVector":"2w5LTqpxLSV2S9UYBJz+Pc.1","action":"SyncServerConnectionManagerRequest", "result":"SYNC_SERVER_OK", "context":{"environment":"Prod_SoutheastAsia_000j", "migrationStage":"NotStarted", "server":"GENERAL01000004"}}
{"logTime": "1001/172459", "correlationVector":"2w5LTqpxLSV2S9UYBJz+Pc.2","action":"GetUpdates", "result":"DeleteReceived", "context":{"id":"6a6c3e5e-e3b7-4bea-a576-3c7ae08a364c", "isDeleted:":"true", "version":"1727803465125"}}
{"logTime": "1001/172459", "correlationVector":"2w5LTqpxLSV2S9UYBJz+Pc.3","action":"GetUpdates Response", "result":"Success", "context":Received 2 update(s). cV=2w5LTqpxLSV2S9UYBJz+Pc.0;server=GENERAL01000004;cloudType=Consumer;environment=Prod_SoutheastAsia_000j;migrationStage=NotStarted}
{"logTime": "1001/172459", "correlationVector":"IZUOIBp7AHVrLBl+t/95sA","action":"Commit Request", "result":"", "context":Item count: 1
Contributing types: Sessions}
{"logTime": "1001/172459", "correlationVector":"IZUOIBp7AHVrLBl+t/95sA.1","action":"SyncServerConnectionManagerRequest", "result":"SYNC_SERVER_OK", "context":{"environment":"Prod_SoutheastAsia_000j", "migrationStage":"NotStarted", "server":"GENERAL0100000B"}}
{"logTime": "1001/172459", "correlationVector":"IZUOIBp7AHVrLBl+t/95sA.2","action":"Commit Response", "result":"Success", "context":Result: Success. cV=IZUOIBp7AHVrLBl+t/95sA.0;server=GENERAL0100000B;cloudType=Consumer;environment=Prod_SoutheastAsia_000j;migrationStage=NotStarted}
{"logTime": "1001/172529", "correlationVector":"8/VCtUwbuTElj+FmsMLuEw","action":"Commit Request", "result":"", "context":Item count: 1
Contributing types: Sessions}
{"logTime": "1001/172530", "correlationVector":"8/VCtUwbuTElj+FmsMLuEw.1","action":"SyncServerConnectionManagerRequest", "result":"SYNC_SERVER_OK", "context":{"environment":"Prod_SoutheastAsia_000j", "migrationStage":"NotStarted", "server":"GENERAL03000000"}}
{"logTime": "1001/172530", "correlationVector":"8/VCtUwbuTElj+FmsMLuEw.2","action":"Commit Response", "result":"Success", "context":Result: Success. cV=8/VCtUwbuTElj+FmsMLuEw.0;server=GENERAL03000000;cloudType=Consumer;environment=Prod_SoutheastAsia_000j;migrationStage=NotStarted}
{"logTime": "1001/172910", "correlationVector":"tP39jwl2ituPhLuhLesZpr","action":"Normal GetUpdate request", "result":"", "context":cV=tP39jwl2ituPhLuhLesZpr
Refresh requested types: Bookmarks, Preferences, Passwords, Autofill Profiles, Autofill, Typed URLs, Extensions, Sessions, Extension settings, History Delete Directives, Device Info, User Consents, Send Tab To Self, Web Apps, Collection, Edge E Drop, Edge Hub App Usage, Edge Tab Group, Edge Wallet, Encryption Keys}
{"logTime": "1001/172914", "correlationVector":"tP39jwl2ituPhLuhLesZpr.1","action":"SyncServerConnectionManagerRequest", "result":"SYNC_SERVER_OK", "context":{"environment":"Prod_SoutheastAsia_000j", "migrationStage":"NotStarted", "server":"GENERAL01000017"}}
{"logTime": "1001/172914", "correlationVector":"tP39jwl2ituPhLuhLesZpr.2","action":"GetUpdates Response", "result":"Success", "context":Received 1 update(s). cV=tP39jwl2ituPhLuhLesZpr.0;server=GENERAL01000017;cloudType=Consumer;environment=Prod_SoutheastAsia_000j;migrationStage=NotStarted}
{"logTime": "1001/173022", "correlationVector":"6KB5tYp4cxUmtaGCDDxX6Y","action":"Commit Request", "result":"", "context":Item count: 1
Contributing types: Sessions}
{"logTime": "1001/173023", "correlationVector":"6KB5tYp4cxUmtaGCDDxX6Y.1","action":"SyncServerConnectionManagerRequest", "result":"SYNC_SERVER_OK", "context":{"environment":"Prod_SoutheastAsia_000j", "migrationStage":"NotStarted", "server":"GENERAL01000013"}}
{"logTime": "1001/173023", "correlationVector":"6KB5tYp4cxUmtaGCDDxX6Y.2","action":"Commit Response", "result":"Success", "context":Result: Success. cV=6KB5tYp4cxUmtaGCDDxX6Y.0;server=GENERAL01000013;cloudType=Consumer;environment=Prod_SoutheastAsia_000j;migrationStage=NotStarted}
{"logTime": "1001/173123", "correlationVector":"zolE/VGd6+lAqBoDoopn6M","action":"Commit Request", "result":"", "context":Item count: 1
Contributing types: Sessions}
{"logTime": "1001/173125", "correlationVector":"zolE/VGd6+lAqBoDoopn6M.1","action":"SyncServerConnectionManagerRequest", "result":"SYNC_SERVER_OK", "context":{"environment":"Prod_SoutheastAsia_000j", "migrationStage":"NotStarted", "server":"GENERAL0300001P"}}
{"logTime": "1001/173125", "correlationVector":"zolE/VGd6+lAqBoDoopn6M.2","action":"Commit Response", "result":"Success", "context":Result: Success. cV=zolE/VGd6+lAqBoDoopn6M.0;server=GENERAL0300001P;cloudType=Consumer;environment=Prod_SoutheastAsia_000j;migrationStage=NotStarted}
{"logTime": "1001/173358", "correlationVector":"Y4UgTnRU3+uVYNPYclWouy.1","action":"SyncServerConnectionManagerRequest", "result":"SYNC_SERVER_OK", "context":{"environment":"Prod_SoutheastAsia_000j", "migrationStage":"NotStarted", "server":"GENERAL0300000S"}}
{"logTime": "1001/173359", "correlationVector":"DzUH+nZJ5twSfaqONAhZl5","action":"SyncServerConnectionManagerRequest", "result":"SYNC_SERVER_OK", "context":{"environment":"", "migrationStage":"", "server":""}}
{"logTime": "1001/173359", "correlationVector":"Y4UgTnRU3+uVYNPYclWouy","action":"Initial GetUpdates", "result":"", "context":Reason: NEW_CLIENT. cV=Y4UgTnRU3+uVYNPYclWouy}
{"logTime": "1001/173359", "correlationVector":"Y4UgTnRU3+uVYNPYclWouy.2","action":"GetUpdates Response", "result":"Success", "context":Received 1 update(s). cV=Y4UgTnRU3+uVYNPYclWouy.0;server=GENERAL0300000S;cloudType=Consumer;environment=Prod_SoutheastAsia_000j;migrationStage=NotStarted}
{"logTime": "1001/173359", "correlationVector":"IQqOUqKA7jwm7YlGuMc6w3","action":"Initial GetUpdates", "result":"", "context":Reason: NEWLY_SUPPORTED_DATATYPE. cV=IQqOUqKA7jwm7YlGuMc6w3}
{"logTime": "1001/173400", "correlationVector":"IQqOUqKA7jwm7YlGuMc6w3.1","action":"SyncServerConnectionManagerRequest", "result":"SYNC_SERVER_OK", "context":{"environment":"Prod_SoutheastAsia_000j", "migrationStage":"NotStarted", "server":"GENERAL0300001B"}}
{"logTime": "1001/173400", "correlationVector":"IQqOUqKA7jwm7YlGuMc6w3.2","action":"GetUpdates Response", "result":"Success", "context":Received 1 update(s). cV=IQqOUqKA7jwm7YlGuMc6w3.0;server=GENERAL0300001B;cloudType=Consumer;environment=Prod_SoutheastAsia_000j;migrationStage=NotStarted}
{"logTime": "1001/173400", "correlationVector":"2zC65kxHAzVjtfxWgH1KmN","action":"Normal GetUpdate request", "result":"", "context":cV=2zC65kxHAzVjtfxWgH1KmN
Nudged types: Sessions
Refresh requested types: Bookmarks, Preferences, Passwords, Autofill Profiles, Autofill, Typed URLs, Extensions, Sessions, Extension settings, History Delete Directives, Device Info, User Consents, Send Tab To Self, Web Apps, Collection, Edge E Drop, Edge Hub App Usage, Edge Tab Group, Edge Wallet, Encryption Keys}
{"logTime": "1001/173401", "correlationVector":"2zC65kxHAzVjtfxWgH1KmN.1","action":"SyncServerConnectionManagerRequest", "result":"SYNC_SERVER_OK", "context":{"environment":"Prod_SoutheastAsia_000j", "migrationStage":"NotStarted", "server":"GENERAL0100000M"}}
{"logTime": "1001/173401", "correlationVector":"2zC65kxHAzVjtfxWgH1KmN.2","action":"GetUpdates Response", "result":"Success", "context":Received 1 update(s). cV=2zC65kxHAzVjtfxWgH1KmN.0;server=GENERAL0100000M;cloudType=Consumer;environment=Prod_SoutheastAsia_000j;migrationStage=NotStarted}
{"logTime": "1001/173401", "correlationVector":"gOCfdfTrDGkHKjLCRLraFh","action":"Commit Request", "result":"", "context":Item count: 3
Contributing types: Sessions}
{"logTime": "1001/173402", "correlationVector":"gOCfdfTrDGkHKjLCRLraFh.1","action":"SyncServerConnectionManagerRequest", "result":"SYNC_SERVER_OK", "context":{"environment":"Prod_SoutheastAsia_000j", "migrationStage":"NotStarted", "server":"GENERAL0300001H"}}
{"logTime": "1001/173402", "correlationVector":"gOCfdfTrDGkHKjLCRLraFh.2","action":"Commit Response", "result":"Success", "context":Result: Success. cV=gOCfdfTrDGkHKjLCRLraFh.0;server=GENERAL0300001H;cloudType=Consumer;environment=Prod_SoutheastAsia_000j;migrationStage=NotStarted}
{"logTime": "1001/173432", "correlationVector":"58PJAr60bud/x7zWSS2cE6","action":"Normal GetUpdate request", "result":"", "context":cV=58PJAr60bud/x7zWSS2cE6
Nudged types: Sessions}
{"logTime": "1001/173432", "correlationVector":"58PJAr60bud/x7zWSS2cE6.1","action":"SyncServerConnectionManagerRequest", "result":"SYNC_SERVER_OK", "context":{"environment":"Prod_SoutheastAsia_000j", "migrationStage":"NotStarted", "server":"GENERAL0100000E"}}
{"logTime": "1001/173432", "correlationVector":"58PJAr60bud/x7zWSS2cE6.2","action":"GetUpdates Response", "result":"Success", "context":Received 3 update(s). cV=58PJAr60bud/x7zWSS2cE6.0;server=GENERAL0100000E;cloudType=Consumer;environment=Prod_SoutheastAsia_000j;migrationStage=NotStarted}
{"logTime": "1001/173432", "correlationVector":"cnMpHzwFWKKoNPR220iCy7","action":"Commit Request", "result":"", "context":Item count: 2
Contributing types: Sessions}
{"logTime": "1001/173433", "correlationVector":"cnMpHzwFWKKoNPR220iCy7.1","action":"SyncServerConnectionManagerRequest", "result":"SYNC_SERVER_OK", "context":{"environment":"Prod_SoutheastAsia_000j", "migrationStage":"NotStarted", "server":"GENERAL0300002X"}}
{"logTime": "1001/173433", "correlationVector":"cnMpHzwFWKKoNPR220iCy7.3","action":"Commit.Sessions", "result":"Success", "context":{"id":"da722033-8907-4456-aaa3-68414c60d28e", "isDeleted":"true", "size":"0", "version":"1727804039361"}}
{"logTime": "1001/173433", "correlationVector":"cnMpHzwFWKKoNPR220iCy7.2","action":"Commit Response", "result":"Success", "context":Result: Success. cV=cnMpHzwFWKKoNPR220iCy7.0;server=GENERAL0300002X;cloudType=Consumer;environment=Prod_SoutheastAsia_000j;migrationStage=NotStarted}
{"logTime": "1001/173707", "correlationVector":"zZIt9Dp2h9AP2BLDNGdHSD","action":"Commit Request", "result":"", "context":Item count: 1
Contributing types: Sessions}
{"logTime": "1001/173710", "correlationVector":"zZIt9Dp2h9AP2BLDNGdHSD.1","action":"SyncServerConnectionManagerRequest", "result":"SYNC_SERVER_OK", "context":{"environment":"Prod_SoutheastAsia_000j", "migrationStage":"NotStarted", "server":"GENERAL0100000E"}}
{"logTime": "1001/173710", "correlationVector":"zZIt9Dp2h9AP2BLDNGdHSD.2","action":"Commit Response", "result":"Success", "context":Result: Success. cV=zZIt9Dp2h9AP2BLDNGdHSD.0;server=GENERAL0100000E;cloudType=Consumer;environment=Prod_SoutheastAsia_000j;migrationStage=NotStarted}
{"logTime": "1001/173818", "correlationVector":"Kp1tgfpQjMj2VUHDNeskvh","action":"Commit Request", "result":"", "context":Item count: 1
Contributing types: Sessions}
{"logTime": "1001/173819", "correlationVector":"Kp1tgfpQjMj2VUHDNeskvh.1","action":"SyncServerConnectionManagerRequest", "result":"SYNC_SERVER_OK", "context":{"environment":"Prod_SoutheastAsia_000j", "migrationStage":"NotStarted", "server":"GENERAL0300001S"}}
{"logTime": "1001/173819", "correlationVector":"Kp1tgfpQjMj2VUHDNeskvh.2","action":"Commit Response", "result":"Success", "context":Result: Success. cV=Kp1tgfpQjMj2VUHDNeskvh.0;server=GENERAL0300001S;cloudType=Consumer;environment=Prod_SoutheastAsia_000j;migrationStage=NotStarted}
{"logTime": "1001/173844", "correlationVector":"VuTlc1+z4SYug9yWOC67po","action":"Normal GetUpdate request", "result":"", "context":cV=VuTlc1+z4SYug9yWOC67po
Refresh requested types: Bookmarks, Preferences, Passwords, Autofill Profiles, Autofill, Typed URLs, Extensions, Sessions, Extension settings, History Delete Directives, Device Info, User Consents, Send Tab To Self, Web Apps, Collection, Edge E Drop, Edge Hub App Usage, Edge Tab Group, Edge Wallet, Encryption Keys}
{"logTime": "1001/173845", "correlationVector":"VuTlc1+z4SYug9yWOC67po.1","action":"SyncServerConnectionManagerRequest", "result":"SYNC_SERVER_OK", "context":{"environment":"Prod_SoutheastAsia_000j", "migrationStage":"NotStarted", "server":"GENERAL0100000B"}}
{"logTime": "1001/173845", "correlationVector":"VuTlc1+z4SYug9yWOC67po.2","action":"GetUpdates", "result":"DeleteReceived", "context":{"id":"da722033-8907-4456-aaa3-68414c60d28e", "isDeleted:":"true", "version":"1727804070354"}}
{"logTime": "1001/173845", "correlationVector":"VuTlc1+z4SYug9yWOC67po.3","action":"GetUpdates Response", "result":"Success", "context":Received 2 update(s). cV=VuTlc1+z4SYug9yWOC67po.0;server=GENERAL0100000B;cloudType=Consumer;environment=Prod_SoutheastAsia_000j;migrationStage=NotStarted}
{"logTime": "1001/174519", "correlationVector":"Vkm8G9uOv62JEQmJznDiDA","action":"Commit Request", "result":"", "context":Item count: 1
Contributing types: Sessions}
{"logTime": "1001/174522", "correlationVector":"Vkm8G9uOv62JEQmJznDiDA.1","action":"SyncServerConnectionManagerRequest", "result":"SYNC_SERVER_OK", "context":{"environment":"Prod_SoutheastAsia_000j", "migrationStage":"NotStarted", "server":"GENERAL03000015"}}
{"logTime": "1001/174522", "correlationVector":"Vkm8G9uOv62JEQmJznDiDA.2","action":"Commit Response", "result":"Success", "context":Result: Success. cV=Vkm8G9uOv62JEQmJznDiDA.0;server=GENERAL03000015;cloudType=Consumer;environment=Prod_SoutheastAsia_000j;migrationStage=NotStarted}
{"logTime": "1001/180048", "correlationVector":"Tnx35huqI7GkL6dWZ4AdGp.1","action":"SyncServerConnectionManagerRequest", "result":"SYNC_SERVER_OK", "context":{"environment":"Prod_SoutheastAsia_000j", "migrationStage":"NotStarted", "server":"GENERAL0100000L"}}
{"logTime": "1001/180049", "correlationVector":"/r67mHbc86dYMYgo+isy7a","action":"SyncServerConnectionManagerRequest", "result":"SYNC_SERVER_OK", "context":{"environment":"", "migrationStage":"", "server":""}}
{"logTime": "1001/180049", "correlationVector":"Tnx35huqI7GkL6dWZ4AdGp","action":"Initial GetUpdates", "result":"", "context":Reason: NEW_CLIENT. cV=Tnx35huqI7GkL6dWZ4AdGp}
{"logTime": "1001/180049", "correlationVector":"Tnx35huqI7GkL6dWZ4AdGp.2","action":"GetUpdates Response", "result":"Success", "context":Received 1 update(s). cV=Tnx35huqI7GkL6dWZ4AdGp.0;server=GENERAL0100000L;cloudType=Consumer;environment=Prod_SoutheastAsia_000j;migrationStage=NotStarted}
{"logTime": "1001/180049", "correlationVector":"yNLNhVUR6HGjEv0qhioV6s","action":"Initial GetUpdates", "result":"", "context":Reason: NEWLY_SUPPORTED_DATATYPE. cV=yNLNhVUR6HGjEv0qhioV6s}
{"logTime": "1001/180049", "correlationVector":"yNLNhVUR6HGjEv0qhioV6s.1","action":"SyncServerConnectionManagerRequest", "result":"SYNC_SERVER_OK", "context":{"environment":"Prod_SoutheastAsia_000j", "migrationStage":"NotStarted", "server":"GENERAL03000009"}}
{"logTime": "1001/180049", "correlationVector":"yNLNhVUR6HGjEv0qhioV6s.2","action":"GetUpdates Response", "result":"Success", "context":Received 1 update(s). cV=yNLNhVUR6HGjEv0qhioV6s.0;server=GENERAL03000009;cloudType=Consumer;environment=Prod_SoutheastAsia_000j;migrationStage=NotStarted}
{"logTime": "1001/180049", "correlationVector":"IHzJQyhyo9WuvSkrb0XVA+","action":"Normal GetUpdate request", "result":"", "context":cV=IHzJQyhyo9WuvSkrb0XVA+
Nudged types: Sessions
Refresh requested types: Bookmarks, Preferences, Passwords, Autofill Profiles, Autofill, Typed URLs, Extensions, Sessions, Extension settings, History Delete Directives, Device Info, User Consents, Send Tab To Self, Web Apps, Collection, Edge E Drop, Edge Hub App Usage, Edge Tab Group, Edge Wallet, Encryption Keys}
{"logTime": "1001/180050", "correlationVector":"IHzJQyhyo9WuvSkrb0XVA+.1","action":"SyncServerConnectionManagerRequest", "result":"SYNC_SERVER_OK", "context":{"environment":"Prod_SoutheastAsia_000j", "migrationStage":"NotStarted", "server":"GENERAL03000009"}}
{"logTime": "1001/180050", "correlationVector":"IHzJQyhyo9WuvSkrb0XVA+.2","action":"GetUpdates Response", "result":"Success", "context":Received 2 update(s). cV=IHzJQyhyo9WuvSkrb0XVA+.0;server=GENERAL03000009;cloudType=Consumer;environment=Prod_SoutheastAsia_000j;migrationStage=NotStarted}
{"logTime": "1001/180050", "correlationVector":"kQQtdPYeidjaqGZ4K3UYyQ","action":"Commit Request", "result":"", "context":Item count: 1
Contributing types: Sessions}
{"logTime": "1001/180050", "correlationVector":"kQQtdPYeidjaqGZ4K3UYyQ.1","action":"SyncServerConnectionManagerRequest", "result":"SYNC_SERVER_OK", "context":{"environment":"Prod_SoutheastAsia_000j", "migrationStage":"NotStarted", "server":"GENERAL0100000Q"}}
{"logTime": "1001/180050", "correlationVector":"kQQtdPYeidjaqGZ4K3UYyQ.2","action":"Commit Response", "result":"Success", "context":Result: Success. cV=kQQtdPYeidjaqGZ4K3UYyQ.0;server=GENERAL0100000Q;cloudType=Consumer;environment=Prod_SoutheastAsia_000j;migrationStage=NotStarted}
{"logTime": "1001/180132", "correlationVector":"2d4CNxdFy5tp1Z1wirvFt2.1","action":"SyncServerConnectionManagerRequest", "result":"SYNC_SERVER_OK", "context":{"environment":"Prod_SoutheastAsia_000j", "migrationStage":"NotStarted", "server":"GENERAL0300000G"}}
{"logTime": "1001/180133", "correlationVector":"Dh6pWP1Yh9zhVN8eQ4wpHG","action":"SyncServerConnectionManagerRequest", "result":"SYNC_SERVER_OK", "context":{"environment":"", "migrationStage":"", "server":""}}
{"logTime": "1001/180133", "correlationVector":"2d4CNxdFy5tp1Z1wirvFt2","action":"Initial GetUpdates", "result":"", "context":Reason: NEW_CLIENT. cV=2d4CNxdFy5tp1Z1wirvFt2}
{"logTime": "1001/180133", "correlationVector":"2d4CNxdFy5tp1Z1wirvFt2.2","action":"GetUpdates Response", "result":"Success", "context":Received 1 update(s). cV=2d4CNxdFy5tp1Z1wirvFt2.0;server=GENERAL0300000G;cloudType=Consumer;environment=Prod_SoutheastAsia_000j;migrationStage=NotStarted}
{"logTime": "1001/180133", "correlationVector":"RlWTSjD+4EoLCBLHueVR1Y","action":"Initial GetUpdates", "result":"", "context":Reason: NEWLY_SUPPORTED_DATATYPE. cV=RlWTSjD+4EoLCBLHueVR1Y}
{"logTime": "1001/180133", "correlationVector":"RlWTSjD+4EoLCBLHueVR1Y.1","action":"SyncServerConnectionManagerRequest", "result":"SYNC_SERVER_OK", "context":{"environment":"Prod_SoutheastAsia_000j", "migrationStage":"NotStarted", "server":"GENERAL0100000D"}}
{"logTime": "1001/180133", "correlationVector":"RlWTSjD+4EoLCBLHueVR1Y.2","action":"GetUpdates Response", "result":"Success", "context":Received 1 update(s). cV=RlWTSjD+4EoLCBLHueVR1Y.0;server=GENERAL0100000D;cloudType=Consumer;environment=Prod_SoutheastAsia_000j;migrationStage=NotStarted}
{"logTime": "1001/180133", "correlationVector":"Dunop8VEcz08vCCr3fCvZE","action":"Normal GetUpdate request", "result":"", "context":cV=Dunop8VEcz08vCCr3fCvZE
Nudged types: Sessions
Refresh requested types: Bookmarks, Preferences, Passwords, Autofill Profiles, Autofill, Typed URLs, Extensions, Sessions, Extension settings, History Delete Directives, Device Info, User Consents, Send Tab To Self, Web Apps, Collection, Edge E Drop, Edge Hub App Usage, Edge Tab Group, Edge Wallet, Encryption Keys}
{"logTime": "1001/180134", "correlationVector":"Dunop8VEcz08vCCr3fCvZE.1","action":"SyncServerConnectionManagerRequest", "result":"SYNC_SERVER_OK", "context":{"environment":"Prod_SoutheastAsia_000j", "migrationStage":"NotStarted", "server":"GENERAL03000006"}}
{"logTime": "1001/180134", "correlationVector":"Dunop8VEcz08vCCr3fCvZE.2","action":"GetUpdates Response", "result":"Success", "context":Received 1 update(s). cV=Dunop8VEcz08vCCr3fCvZE.0;server=GENERAL03000006;cloudType=Consumer;environment=Prod_SoutheastAsia_000j;migrationStage=NotStarted}
{"logTime": "1001/180134", "correlationVector":"o8kML/t0WLRhCULVhO+1cV","action":"Commit Request", "result":"", "context":Item count: 3
Contributing types: Sessions}
{"logTime": "1001/180134", "correlationVector":"o8kML/t0WLRhCULVhO+1cV.1","action":"SyncServerConnectionManagerRequest", "result":"SYNC_SERVER_OK", "context":{"environment":"Prod_SoutheastAsia_000j", "migrationStage":"NotStarted", "server":"GENERAL0300000L"}}
{"logTime": "1001/180134", "correlationVector":"o8kML/t0WLRhCULVhO+1cV.2","action":"Commit Response", "result":"Success", "context":Result: Success. cV=o8kML/t0WLRhCULVhO+1cV.0;server=GENERAL0300000L;cloudType=Consumer;environment=Prod_SoutheastAsia_000j;migrationStage=NotStarted}
{"logTime": "1001/180204", "correlationVector":"ypjDKNrCFfP/3ELxDFJLUt","action":"Normal GetUpdate request", "result":"", "context":cV=ypjDKNrCFfP/3ELxDFJLUt
Nudged types: Sessions}
{"logTime": "1001/180205", "correlationVector":"ypjDKNrCFfP/3ELxDFJLUt.1","action":"SyncServerConnectionManagerRequest", "result":"SYNC_SERVER_OK", "context":{"environment":"Prod_SoutheastAsia_000j", "migrationStage":"NotStarted", "server":"GENERAL0300000E"}}
{"logTime": "1001/180205", "correlationVector":"ypjDKNrCFfP/3ELxDFJLUt.2","action":"GetUpdates Response", "result":"Success", "context":Received 3 update(s). cV=ypjDKNrCFfP/3ELxDFJLUt.0;server=GENERAL0300000E;cloudType=Consumer;environment=Prod_SoutheastAsia_000j;migrationStage=NotStarted}
{"logTime": "1001/180205", "correlationVector":"bwUsJCNKb/3hkCJVrXEoJF","action":"Commit Request", "result":"", "context":Item count: 2
Contributing types: Sessions}
{"logTime": "1001/180205", "correlationVector":"bwUsJCNKb/3hkCJVrXEoJF.1","action":"SyncServerConnectionManagerRequest", "result":"SYNC_SERVER_OK", "context":{"environment":"Prod_SoutheastAsia_000j", "migrationStage":"NotStarted", "server":"GENERAL0100000Q"}}
{"logTime": "1001/180205", "correlationVector":"bwUsJCNKb/3hkCJVrXEoJF.2","action":"Commit Response", "result":"Success", "context":Result: Success. cV=bwUsJCNKb/3hkCJVrXEoJF.0;server=GENERAL0100000Q;cloudType=Consumer;environment=Prod_SoutheastAsia_000j;migrationStage=NotStarted}
{"logTime": "1001/180205", "correlationVector":"bwUsJCNKb/3hkCJVrXEoJF.3","action":"Commit.Sessions", "result":"Success", "context":{"id":"c853bf11-653e-4d17-a70c-7a8523f37a1b", "isDeleted":"true", "size":"0", "version":"1727805691969"}}
